[22:35:53] [main/INFO]: Loading for game Minecraft 1.15.2
[22:35:53] [main/INFO]: [FabricLoader] Loading 34 mods: fabric-renderer-api-v1@0.2.9+aea78a250c, fabric-networking-blockentity-v0@0.2.3+e08a73050c, minecraft@1.15.2, fabric-keybindings-v0@0.1.1+dfdb52d60c, fabricloader@0.7.5+build.178, fabric-renderer-indigo@0.2.22+203491ea0c, fabric-containers-v0@0.1.3+b7f9825d0c, fabric-dimensions-v1@0.2.4+203491ea0c, fabric-biomes-v1@0.1.5+3b05f68e0c, fabric-crash-report-info-v1@0.1.2+b7f9825d0c, fabric-events-interaction-v0@0.2.7+a1bd31180c, xenchant@1.0.7, fabric-api-base@0.1.2+b7f9825d0c, fabric-rendering-v0@1.1.0+534104900c, fabric-rendering-v1@0.1.0+534104900c, fabric-rendering-data-attachment-v1@0.1.3+b7f9825d0c, fabric-resource-loader-v0@0.1.10+06c939b30c, fabric-textures-v0@1.0.4+821cdba70c, fabric-content-registries-v0@0.1.3+b7f9825d0c, fabric-tag-extensions-v0@0.1.3+abd915800c, fabric-rendering-fluids-v1@0.1.6+12515ed90c, fabric-registry-sync-v0@0.2.6+f3d8141b0c, fabric-commands-v0@0.1.2+b7f9825d0c, fabric-blockrenderlayer-v1@1.1.4+c6a8ea890c, fabric-mining-levels-v0@0.1.1+b7f9825d0c, fabric-renderer-registries-v1@2.0.1+5a0f9a600c, fabric-loot-tables-v1@0.1.5+e08a73050c, fabric-events-lifecycle-v0@0.1.2+b7f9825d0c, fabric@0.4.29+build.290-1.15, fabric-particles-v1@0.1.1+dfdb52d60c, fabric-models-v0@0.1.0+dfdb52d60c, fabric-item-groups-v0@0.1.6+ec40b2e10c, fabric-networking-v0@0.1.7+12515ed90c, fabric-object-builders-v0@0.1.3+e4c9a9c30c
[22:35:54] [main/INFO]: SpongePowered MIXIN Subsystem Version=0.8 Source=file:/C:/Users/kingt/.gradle/caches/modules-2/files-2.1/net.fabricmc/sponge-mixin/0.8+build.18/af077ad2845a00cde186fa2c99c4dd32bd2a2766/sponge-mixin-0.8+build.18.jar Service=Knot/Fabric Env=CLIENT
[22:35:54] [main/INFO]: Loaded Fabric development mappings for mixin remapper!
[22:35:54] [main/INFO]: Remapping refMap fabric-networking-v0-refmap.json using remapper chain
[22:35:54] [main/INFO]: Remapping refMap fabric-networking-blockentity-v0-refmap.json using remapper chain
[22:35:54] [main/INFO]: Remapping refMap fabric-biomes-v1-refmap.json using remapper chain
[22:35:54] [main/INFO]: Remapping refMap fabric-mining-levels-v0-refmap.json using remapper chain
[22:35:54] [main/INFO]: Remapping refMap fabric-containers-v0-refmap.json using remapper chain
[22:35:54] [main/INFO]: Remapping refMap fabric-renderer-indigo-refmap.json using remapper chain
[22:35:54] [main/INFO]: Remapping refMap fabric-rendering-data-attachment-v1-refmap.json using remapper chain
[22:35:54] [main/INFO]: Remapping refMap fabric-events-interaction-v0-refmap.json using remapper chain
[22:35:54] [main/INFO]: Remapping refMap fabric-loot-tables-v1-refmap.json using remapper chain
[22:35:54] [main/INFO]: Remapping refMap fabric-dimensions-v1-refmap.json using remapper chain
[22:35:54] [main/INFO]: Remapping refMap fabric-renderer-registries-v1-refmap.json using remapper chain
[22:35:54] [main/INFO]: Remapping refMap fabric-textures-v0-refmap.json using remapper chain
[22:35:54] [main/INFO]: Remapping refMap fabric-registry-sync-v0-refmap.json using remapper chain
[22:35:54] [main/INFO]: Remapping refMap fabric-models-v0-refmap.json using remapper chain
[22:35:54] [main/INFO]: Remapping refMap fabric-keybindings-v0-refmap.json using remapper chain
[22:35:54] [main/INFO]: Remapping refMap fabric-blockrenderlayer-v1-refmap.json using remapper chain
[22:35:54] [main/INFO]: Remapping refMap fabric-renderer-api-v1-refmap.json using remapper chain
[22:35:54] [main/INFO]: Remapping refMap fabric-containers-v0-refmap.json using remapper chain
[22:35:54] [main/INFO]: Remapping refMap fabric-events-lifecycle-v0-refmap.json using remapper chain
[22:35:54] [main/INFO]: Remapping refMap fabric-rendering-fluids-v1-refmap.json using remapper chain
[22:35:54] [main/INFO]: Remapping refMap fabric-resource-loader-v0-refmap.json using remapper chain
[22:35:54] [main/INFO]: Remapping refMap fabric-particles-v1-refmap.json using remapper chain
[22:35:54] [main/INFO]: Remapping refMap fabric-object-builders-refmap.json using remapper chain
[22:35:54] [main/INFO]: Remapping refMap fabric-tag-extensions-v0-refmap.json using remapper chain
[22:35:54] [main/INFO]: Remapping refMap fabric-rendering-v1-refmap.json using remapper chain
[22:35:54] [main/INFO]: Remapping refMap fabric-item-groups-v0-refmap.json using remapper chain
[22:35:54] [main/INFO]: Remapping refMap fabric-content-registries-v0-refmap.json using remapper chain
[22:35:54] [main/INFO]: Remapping refMap fabric-crash-report-info-v1-refmap.json using remapper chain
[22:35:54] [main/INFO]: Remapping refMap fabric-commands-v0-refmap.json using remapper chain
[22:35:54] [main/INFO]: Remapping refMap fabric-renderer-api-v1-refmap.json using remapper chain
[22:35:55] [main/INFO]: Setting user: Player899
[22:36:01] [main/INFO]: XEnchant has been initialized!
[22:36:01] [main/INFO]: [Indigo] Registering Indigo renderer!
[22:36:02] [main/INFO]: Backend library: LWJGL version 3.2.2 build 10
[22:36:05] [main/INFO]: Narrator library for x64 successfully loaded
[22:36:05] [main/INFO]: Reloading ResourceManager: Default, Fabric Renderer API (v1), Fabric Networking Block Entity (v0), Fabric Key Bindings (v0), Fabric Renderer - Indigo, Fabric Containers (v0), Fabric Biomes (v1), Fabric Crash Report Info (v1), Fabric Events Interaction (v0), XEnchant, Fabric API Base, Fabric Rendering (v0), Fabric Rendering (v1), Fabric Rendering Data Attachment (v1), Fabric Resource Loader (v0), Fabric Textures (v0), Fabric Content Registries (v0), Fabric Tag Extensions (v0), Fabric Rendering Fluids (v1), Fabric Registry Sync (v0), Fabric Commands (v0), Fabric BlockRenderLayer Registration (v1), Fabric Mining Levels (v0), Fabric Renderer Registries (v1), Fabric Loot Tables (v1), Fabric Events Lifecycle (v0), Fabric API, Fabric Models (v0), Fabric Item Groups (v0), Fabric Networking (v0), Fabric Object Builders (v0), XEnchant
[22:36:06] [Realms Notification Availability checker #1/INFO]: Could not authorize you against Realms server: Invalid session id
[22:36:12] [main/INFO]: OpenAL initialized.
[22:36:12] [main/INFO]: Sound engine started
[22:36:13] [main/INFO]: Created: 1024x1024x4 minecraft:textures/atlas/blocks.png-atlas
[22:36:13] [main/INFO]: Created: 256x128x4 minecraft:textures/atlas/signs.png-atlas
[22:36:13] [main/INFO]: Created: 1024x512x4 minecraft:textures/atlas/banner_patterns.png-atlas
[22:36:13] [main/INFO]: Created: 1024x512x4 minecraft:textures/atlas/shield_patterns.png-atlas
[22:36:13] [main/INFO]: Created: 256x256x4 minecraft:textures/atlas/chest.png-atlas
[22:36:13] [main/INFO]: Created: 512x256x4 minecraft:textures/atlas/beds.png-atlas
[22:36:13] [main/INFO]: Created: 512x256x4 minecraft:textures/atlas/shulker_boxes.png-atlas
[22:36:13] [main/INFO]: Created: 256x256x0 minecraft:textures/atlas/particles.png-atlas
[22:36:13] [main/INFO]: Created: 256x256x0 minecraft:textures/atlas/paintings.png-atlas
[22:36:13] [main/INFO]: Created: 256x128x0 minecraft:textures/atlas/mob_effects.png-atlas
[22:36:19] [main/WARN]: Ambiguity between arguments [teleport, destination] and [teleport, targets] with inputs: [Player, 0123, @e, dd12be42-52a9-4a91-a8a1-11c01849e498]
[22:36:19] [main/WARN]: Ambiguity between arguments [teleport, location] and [teleport, destination] with inputs: [0.1 -0.5 .9, 0 0 0]
[22:36:19] [main/WARN]: Ambiguity between arguments [teleport, location] and [teleport, targets] with inputs: [0.1 -0.5 .9, 0 0 0]
[22:36:19] [main/WARN]: Ambiguity between arguments [teleport, targets] and [teleport, destination] with inputs: [Player, 0123, dd12be42-52a9-4a91-a8a1-11c01849e498]
[22:36:19] [main/WARN]: Ambiguity between arguments [teleport, targets, location] and [teleport, targets, destination] with inputs: [0.1 -0.5 .9, 0 0 0]
[22:36:19] [Server thread/INFO]: Starting integrated minecraft server version 1.15.2
[22:36:19] [Server thread/INFO]: Generating keypair
[22:36:19] [Server thread/INFO]: [fabric-registry-sync] Loaded registry data [file 1/4]
[22:36:20] [Server thread/INFO]: Found new data pack fabric/fabric-mining-levels-v0, loading it automatically
[22:36:20] [Server thread/INFO]: Found new data pack vanilla, loading it automatically
[22:36:20] [Server thread/INFO]: Reloading ResourceManager: Default, Fabric Mining Levels (v0)
[22:36:20] [Server thread/INFO]: Loaded 6 recipes
[22:36:21] [Server thread/INFO]: Loaded 825 advancements
[22:36:25] [Server thread/INFO]: Preparing start region for dimension minecraft:overworld
[22:36:25] [main/INFO]: Preparing spawn area: 0%
[22:36:25] [main/INFO]: Preparing spawn area: 0%
[22:36:26] [main/INFO]: Preparing spawn area: 0%
[22:36:26] [main/INFO]: Preparing spawn area: 1%
[22:36:27] [main/INFO]: Preparing spawn area: 4%
[22:36:27] [main/INFO]: Preparing spawn area: 7%
[22:36:28] [main/INFO]: Preparing spawn area: 9%
[22:36:28] [main/INFO]: Preparing spawn area: 13%
[22:36:29] [main/INFO]: Preparing spawn area: 17%
[22:36:29] [main/INFO]: Preparing spawn area: 21%
[22:36:31] [main/INFO]: Preparing spawn area: 22%
[22:36:31] [main/INFO]: Preparing spawn area: 22%
[22:36:31] [main/INFO]: Preparing spawn area: 31%
[22:36:31] [main/INFO]: Preparing spawn area: 36%
[22:36:32] [main/INFO]: Preparing spawn area: 42%
[22:36:32] [main/INFO]: Preparing spawn area: 46%
[22:36:33] [main/INFO]: Preparing spawn area: 50%
[22:36:33] [main/INFO]: Preparing spawn area: 50%
[22:36:34] [main/INFO]: Preparing spawn area: 56%
[22:36:34] [main/INFO]: Preparing spawn area: 64%
[22:36:35] [main/INFO]: Preparing spawn area: 68%
[22:36:35] [main/INFO]: Preparing spawn area: 68%
[22:36:36] [main/INFO]: Preparing spawn area: 72%
[22:36:36] [main/INFO]: Preparing spawn area: 76%
[22:36:37] [main/INFO]: Preparing spawn area: 86%
[22:36:38] [main/INFO]: Preparing spawn area: 87%
[22:36:38] [main/INFO]: Preparing spawn area: 98%
[22:36:38] [main/INFO]: Time elapsed: 13168 ms
[22:36:39] [Server thread/INFO]: Changing view distance to 11, from 10
[22:36:40] [Server thread/INFO]: Player899[local:E:88f03d9d] logged in with entity id 344 at (-145.5, 69.0, -236.5)
[22:36:40] [Server thread/INFO]: Player899 joined the game
[22:36:40] [main/INFO]: Loaded 0 advancements
[22:36:40] [Server thread/INFO]: Saving and pausing game...
[22:36:40] [Server thread/INFO]: Saving chunks for level 'New World'/minecraft:the_nether
[22:36:41] [Server thread/INFO]: Saving chunks for level 'New World'/minecraft:the_end
[22:36:41] [Server thread/INFO]: Saving chunks for level 'New World'/minecraft:overworld
[22:36:43] [Server thread/WARN]: Can't keep up! Is the server overloaded? Running 2948ms or 58 ticks behind
[22:36:59] [Server thread/INFO]: [Player899: Gamerule randomTickSpeed is now set to: 10000]
[22:36:59] [main/INFO]: [CHAT] Gamerule randomTickSpeed is now set to: 10000
[22:37:01] [Server thread/WARN]: Can't keep up! Is the server overloaded? Running 2032ms or 40 ticks behind
[22:37:07] [main/INFO]: Loaded 3 advancements
[22:37:11] [main/WARN]: Received passengers for unknown entity
[22:37:34] [Server thread/INFO]: [Player899: Gamerule randomTickSpeed is now set to: 1]
[22:37:34] [main/INFO]: [CHAT] Gamerule randomTickSpeed is now set to: 1
[22:37:37] [Server thread/WARN]: Can't keep up! Is the server overloaded? Running 21237ms or 424 ticks behind
[22:37:45] [main/WARN]: Received passengers for unknown entity
[22:37:47] [main/INFO]: Loaded 9 advancements
[22:38:05] [Server thread/INFO]: [Player899: Gamerule randomTickSpeed is now set to: -1]
[22:38:05] [main/INFO]: [CHAT] Gamerule randomTickSpeed is now set to: -1
[22:38:19] [Server thread/INFO]: [Player899: Gamerule randomTickSpeed is now set to: -9]
[22:38:19] [main/INFO]: [CHAT] Gamerule randomTickSpeed is now set to: -9
[22:38:24] [Server thread/INFO]: Saving and pausing game...
[22:38:24] [Server thread/INFO]: Saving chunks for level 'New World'/minecraft:the_nether
[22:38:24] [Server thread/INFO]: Saving chunks for level 'New World'/minecraft:the_end
[22:38:24] [Server thread/INFO]: Saving chunks for level 'New World'/minecraft:overworld
[22:38:25] [Server thread/INFO]: Player899 lost connection: Disconnected
[22:38:25] [Server thread/INFO]: Player899 left the game
[22:38:25] [Server thread/INFO]: Stopping singleplayer server as player logged out
[22:38:25] [Server thread/INFO]: Stopping server
[22:38:25] [Server thread/INFO]: Saving players
[22:38:25] [Server thread/INFO]: Saving worlds
[22:38:25] [Server thread/INFO]: Saving chunks for level 'New World'/minecraft:the_nether
[22:38:25] [Server thread/INFO]: ThreadedAnvilChunkStorage (DIM-1): All chunks are saved
[22:38:25] [Server thread/INFO]: Saving chunks for level 'New World'/minecraft:the_end
[22:38:25] [Server thread/INFO]: ThreadedAnvilChunkStorage (DIM1): All chunks are saved
[22:38:25] [Server thread/INFO]: Saving chunks for level 'New World'/minecraft:overworld
[22:38:26] [Server thread/INFO]: ThreadedAnvilChunkStorage (New World): All chunks are saved
[22:38:26] [Server thread/INFO]: ThreadedAnvilChunkStorage (DIM-1): All chunks are saved
[22:38:26] [Server thread/INFO]: ThreadedAnvilChunkStorage (DIM1): All chunks are saved
[22:38:26] [Server thread/INFO]: ThreadedAnvilChunkStorage (New World): All chunks are saved
[22:38:28] [main/INFO]: Deleting level New World
[22:38:28] [main/INFO]: Attempt 1...
[22:38:30] [main/INFO]: Stopping!
